[16:45:39] [Server thread/INFO]: Starting minecraft server version 1.9.4
[16:45:39] [Server thread/INFO]: Loading properties
[16:45:39] [Server thread/INFO]: Default game type: SURVIVAL
[16:45:40] [Server thread/INFO]: This server is running CraftBukkit version git-Spigot-4af49dc-23da8b0 (MC: 1.9.4) (Implementing API version 1.9.4-R0.1-SNAPSHOT)
[16:45:40] [Server thread/INFO]: Debug logging is disabled
[16:45:40] [Server thread/INFO]: Server Ping Player Sample Count: 12
[16:45:40] [Server thread/INFO]: Using 4 threads for Netty based IO
[16:45:40] [Server thread/INFO]: Generating keypair
[16:45:40] [Server thread/INFO]: Starting Minecraft server on *:25565
[16:45:40] [Server thread/INFO]: Using default channel type
[16:45:40] [Server thread/INFO]: Set PluginClassLoader as parallel capable
[16:45:40] [Server thread/INFO]: [WorldEdit] Loading WorldEdit v6.1;no_git_id
[16:45:40] [Server thread/INFO]: **** Beginning UUID conversion, this may take A LONG time ****
[16:45:40] [Server thread/INFO]: Preparing level "world"
[16:45:40] [Server thread/INFO]: -------- World Settings For [world] --------
[16:45:40] [Server thread/INFO]: Item Despawn Rate: 6000
[16:45:40] [Server thread/INFO]: Item Merge Radius: 2.5
[16:45:40] [Server thread/INFO]: Allow Zombie Pigmen to spawn from portal blocks: true
[16:45:40] [Server thread/INFO]: Experience Merge Radius: 3.0
[16:45:40] [Server thread/INFO]: View Distance: 10
[16:45:40] [Server thread/INFO]: Zombie Aggressive Towards Villager: true
[16:45:40] [Server thread/INFO]: Arrow Despawn Rate: 1200
[16:45:40] [Server thread/INFO]: Mob Spawn Range: 4
[16:45:40] [Server thread/INFO]: Nerfing mobs spawned from spawners: false
[16:45:40] [Server thread/INFO]: Cactus Growth Modifier: 100%
[16:45:40] [Server thread/INFO]: Cane Growth Modifier: 100%
[16:45:40] [Server thread/INFO]: Melon Growth Modifier: 100%
[16:45:40] [Server thread/INFO]: Mushroom Growth Modifier: 100%
[16:45:40] [Server thread/INFO]: Pumpkin Growth Modifier: 100%
[16:45:40] [Server thread/INFO]: Sapling Growth Modifier: 100%
[16:45:40] [Server thread/INFO]: Wheat Growth Modifier: 100%
[16:45:40] [Server thread/INFO]: NetherWart Growth Modifier: 100%
[16:45:40] [Server thread/INFO]: Entity Activation Range: An 32 / Mo 32 / Mi 16
[16:45:40] [Server thread/INFO]: Entity Tracking Range: Pl 48 / An 48 / Mo 48 / Mi 32 / Other 64
[16:45:40] [Server thread/INFO]: Hopper Transfer: 8 Hopper Check: 8 Hopper Amount: 1
[16:45:40] [Server thread/INFO]: Random Lighting Updates: false
[16:45:40] [Server thread/INFO]: Structure Info Saving: true
[16:45:40] [Server thread/INFO]: Max Entity Collisions: 8
[16:45:40] [Server thread/INFO]: Custom Map Seeds:  Village: 10387312 Feature: 14357617
[16:45:40] [Server thread/INFO]: Max TNT Explosions: 100
[16:45:40] [Server thread/INFO]: Tile Max Tick Time: 50ms Entity max Tick Time: 50ms
[16:45:40] [Server thread/INFO]: -------- World Settings For [world_nether] --------
[16:45:40] [Server thread/INFO]: Item Despawn Rate: 6000
[16:45:40] [Server thread/INFO]: Item Merge Radius: 2.5
[16:45:40] [Server thread/INFO]: Allow Zombie Pigmen to spawn from portal blocks: true
[16:45:40] [Server thread/INFO]: Experience Merge Radius: 3.0
[16:45:40] [Server thread/INFO]: View Distance: 10
[16:45:40] [Server thread/INFO]: Zombie Aggressive Towards Villager: true
[16:45:40] [Server thread/INFO]: Arrow Despawn Rate: 1200
[16:45:40] [Server thread/INFO]: Mob Spawn Range: 4
[16:45:40] [Server thread/INFO]: Nerfing mobs spawned from spawners: false
[16:45:40] [Server thread/INFO]: Cactus Growth Modifier: 100%
[16:45:40] [Server thread/INFO]: Cane Growth Modifier: 100%
[16:45:40] [Server thread/INFO]: Melon Growth Modifier: 100%
[16:45:40] [Server thread/INFO]: Mushroom Growth Modifier: 100%
[16:45:40] [Server thread/INFO]: Pumpkin Growth Modifier: 100%
[16:45:40] [Server thread/INFO]: Sapling Growth Modifier: 100%
[16:45:40] [Server thread/INFO]: Wheat Growth Modifier: 100%
[16:45:40] [Server thread/INFO]: NetherWart Growth Modifier: 100%
[16:45:40] [Server thread/INFO]: Entity Activation Range: An 32 / Mo 32 / Mi 16
[16:45:40] [Server thread/INFO]: Entity Tracking Range: Pl 48 / An 48 / Mo 48 / Mi 32 / Other 64
[16:45:40] [Server thread/INFO]: Hopper Transfer: 8 Hopper Check: 8 Hopper Amount: 1
[16:45:40] [Server thread/INFO]: Random Lighting Updates: false
[16:45:40] [Server thread/INFO]: Structure Info Saving: true
[16:45:40] [Server thread/INFO]: Max Entity Collisions: 8
[16:45:40] [Server thread/INFO]: Custom Map Seeds:  Village: 10387312 Feature: 14357617
[16:45:40] [Server thread/INFO]: Max TNT Explosions: 100
[16:45:40] [Server thread/INFO]: Tile Max Tick Time: 50ms Entity max Tick Time: 50ms
[16:45:40] [Server thread/INFO]: -------- World Settings For [world_the_end] --------
[16:45:40] [Server thread/INFO]: Item Despawn Rate: 6000
[16:45:40] [Server thread/INFO]: Item Merge Radius: 2.5
[16:45:40] [Server thread/INFO]: Allow Zombie Pigmen to spawn from portal blocks: true
[16:45:40] [Server thread/INFO]: Experience Merge Radius: 3.0
[16:45:40] [Server thread/INFO]: View Distance: 10
[16:45:40] [Server thread/INFO]: Zombie Aggressive Towards Villager: true
[16:45:40] [Server thread/INFO]: Arrow Despawn Rate: 1200
[16:45:40] [Server thread/INFO]: Mob Spawn Range: 4
[16:45:40] [Server thread/INFO]: Nerfing mobs spawned from spawners: false
[16:45:40] [Server thread/INFO]: Cactus Growth Modifier: 100%
[16:45:40] [Server thread/INFO]: Cane Growth Modifier: 100%
[16:45:40] [Server thread/INFO]: Melon Growth Modifier: 100%
[16:45:40] [Server thread/INFO]: Mushroom Growth Modifier: 100%
[16:45:40] [Server thread/INFO]: Pumpkin Growth Modifier: 100%
[16:45:40] [Server thread/INFO]: Sapling Growth Modifier: 100%
[16:45:40] [Server thread/INFO]: Wheat Growth Modifier: 100%
[16:45:40] [Server thread/INFO]: NetherWart Growth Modifier: 100%
[16:45:40] [Server thread/INFO]: Entity Activation Range: An 32 / Mo 32 / Mi 16
[16:45:40] [Server thread/INFO]: Entity Tracking Range: Pl 48 / An 48 / Mo 48 / Mi 32 / Other 64
[16:45:40] [Server thread/INFO]: Hopper Transfer: 8 Hopper Check: 8 Hopper Amount: 1
[16:45:40] [Server thread/INFO]: Random Lighting Updates: false
[16:45:40] [Server thread/INFO]: Structure Info Saving: true
[16:45:40] [Server thread/INFO]: Max Entity Collisions: 8
[16:45:40] [Server thread/INFO]: Custom Map Seeds:  Village: 10387312 Feature: 14357617
[16:45:40] [Server thread/INFO]: Max TNT Explosions: 100
[16:45:40] [Server thread/INFO]: Tile Max Tick Time: 50ms Entity max Tick Time: 50ms
[16:45:40] [Server thread/INFO]: Preparing start region for level 0 (Seed: 8104463182483746226)
[16:45:41] [Server thread/INFO]: Preparing spawn area: 71%
[16:45:41] [Server thread/INFO]: Preparing start region for level 1 (Seed: 8104463182483746226)
[16:45:42] [Server thread/INFO]: Preparing start region for level 2 (Seed: 8104463182483746226)
[16:45:42] [Server thread/INFO]: [WorldEdit] Enabling WorldEdit v6.1;no_git_id
[16:45:42] [Server thread/INFO]: [WorldEdit] Default configuration file written: config.yml
[16:45:42] [Server thread/INFO]: WEPIF: Updated config file
[16:45:42] [Server thread/INFO]: WEPIF: Using the Bukkit Permissions API.
[16:45:42] [Server thread/WARN]: [WorldEdit] 
**********************************************
** This WorldEdit version does not fully support your version of Bukkit.
**
** When working with blocks or undoing, chests will be empty, signs
** will be blank, and so on. There will be no support for entity
** and biome-related functions.
**
** Please see http://wiki.sk89q.com/wiki/WorldEdit/Bukkit_adapters
**********************************************

[16:45:42] [Server thread/INFO]: Server permissions file permissions.yml is empty, ignoring it
[16:45:42] [Server thread/INFO]: Done (2.425s)! For help, type "help" or "?"
[16:46:09] [Server thread/INFO]: Opped 1d20
[16:46:17] [User Authenticator #1/INFO]: UUID of player 1d20 is 535fbf27-9fe5-4130-ba50-a377b927cbb6
[16:46:17] [Server thread/INFO]: 1d20[/127.0.0.1:58695] logged in with entity id 59 at ([world]-117.09712495988404, 64.0, 85.61553818776751)
